

HI-TECH Software PIC LITE Macro Assembler V9.83 build 10920 
                                                                                               Wed Oct 24 10:29:44 2018

HI-TECH Software Omniscient Code Generator (Lite mode) build 10920
     1  0000                     opt subtitle "HI-TECH Software Omniscient Code Generator (Lite mode) build 10920"
     2                           
     3                           opt pagewidth 120
     4                           
     5                           	opt lm
     6                           
     7                           	processor	16F877A
     8                           clrc	macro
     9                           	bcf	3,0
    10  0000                     	endm
    11                           clrz	macro
    12                           	bcf	3,2
    13  0000                     	endm
    14                           setc	macro
    15                           	bsf	3,0
    16  0000                     	endm
    17                           setz	macro
    18                           	bsf	3,2
    19  0000                     	endm
    20                           skipc	macro
    21                           	btfss	3,0
    22  0000                     	endm
    23                           skipz	macro
    24                           	btfss	3,2
    25  0000                     	endm
    26                           skipnc	macro
    27                           	btfsc	3,0
    28  0000                     	endm
    29                           skipnz	macro
    30                           	btfsc	3,2
    31  0000                     	endm
    32  0000                     indf	equ	0
    33  0000                     indf0	equ	0
    34  0002                     pc	equ	2
    35  0002                     pcl	equ	2
    36  0003                     status	equ	3
    37  0004                     fsr	equ	4
    38  0004                     fsr0	equ	4
    39  0001                     c	equ	1
    40  0000                     z	equ	0
    41  000A                     pclath	equ	10
    42                           # 4 "E:\02-CODING\05-LYCASOFT CODING\02-CODING\19-TIMER 2\CODE\TIMER 2.c"
    43                           	psect config,class=CONFIG,delta=2 ;#
    44                           # 4 "E:\02-CODING\05-LYCASOFT CODING\02-CODING\19-TIMER 2\CODE\TIMER 2.c"
    45  2007  3F3A               	dw 0X3F3A ;#
    46                           	FNROOT	_main
    47                           	global	_count
    48                           	global	_PORTB
    49                           psect	maintext,global,class=CODE,delta=2
    50                           global __pmaintext
    51  07CF                     __pmaintext:
    52  0006                     _PORTB	set	6
    53                           	global	_T2CON
    54  0012                     _T2CON	set	18
    55                           	global	_TMR2
    56  0011                     _TMR2	set	17
    57                           	global	_CARRY
    58  0018                     _CARRY	set	24
    59                           	global	_GIE
    60  005F                     _GIE	set	95
    61                           	global	_RB0
    62  0030                     _RB0	set	48
    63                           	global	_TMR2IF
    64  0061                     _TMR2IF	set	97
    65                           	global	_PR2
    66  0092                     _PR2	set	146
    67                           	global	_TRISB
    68  0086                     _TRISB	set	134
    69                           	global	_EEADR
    70  010D                     _EEADR	set	269
    71                           	global	_EEDATA
    72  010C                     _EEDATA	set	268
    73                           	global	_EECON1
    74  018C                     _EECON1	set	396
    75                           	global	_EECON2
    76  018D                     _EECON2	set	397
    77                           	global	_RD
    78  0C60                     _RD	set	3168
    79                           	global	_WR
    80  0C61                     _WR	set	3169
    81                           	global	_WREN
    82  0C62                     _WREN	set	3170
    83                           	file	"TIMER 2.as"
    84                           	line	#
    85                           psect cinit,class=CODE,delta=2
    86                           global start_initialization
    87  07C9                     start_initialization:
    88                           
    89                           psect	bssCOMMON,class=COMMON,space=1
    90                           global __pbssCOMMON
    91  0070                     __pbssCOMMON:
    92  0070                     _count:
    93  0070                            ds      2
    94                           
    95                           ; Clear objects allocated to COMMON
    96                           psect cinit,class=CODE,delta=2
    97  07C9  01F0               	clrf	((__pbssCOMMON)+0)&07Fh
    98  07CA  01F1               	clrf	((__pbssCOMMON)+1)&07Fh
    99                           psect cinit,class=CODE,delta=2
   100                           global end_of_initialization
   101                           
   102                           ;End of C runtime variable initialization code
   103                           
   104  07CB                     end_of_initialization:
   105  07CB  0183               clrf status
   106  07CC  120A  118A  2FCF   ljmp _main	;jump to C main() function
   107                           psect	cstackCOMMON,class=COMMON,space=1
   108                           global __pcstackCOMMON
   109  0000                     __pcstackCOMMON:
   110                           	global	?_main
   111  0000                     ?_main:	; 0 bytes @ 0x0
   112                           	global	??_main
   113  0000                     ??_main:	; 0 bytes @ 0x0
   114 ;;Data sizes: Strings 0, constant 0, data 0, bss 2, persistent 0 stack 0
   115 ;;Auto spaces:   Size  Autos    Used
   116 ;; COMMON          14      0       2
   117 ;; BANK0           80      0       0
   118 ;; BANK1           80      0       0
   119 ;; BANK3           96      0       0
   120 ;; BANK2           96      0       0
   121                           
   122 ;;
   123 ;; Pointer list with targets:
   124                           
   125                           
   126                           
   127 ;;
   128 ;; Critical Paths under _main in COMMON
   129 ;;
   130 ;;   None.
   131 ;;
   132 ;; Critical Paths under _main in BANK0
   133 ;;
   134 ;;   None.
   135 ;;
   136 ;; Critical Paths under _main in BANK1
   137 ;;
   138 ;;   None.
   139 ;;
   140 ;; Critical Paths under _main in BANK3
   141 ;;
   142 ;;   None.
   143 ;;
   144 ;; Critical Paths under _main in BANK2
   145 ;;
   146 ;;   None.
   147                           
   148 ;;
   149 ;;Main: autosize = 0, tempsize = 0, incstack = 0, save=0
   150 ;;
   151                           
   152 ;;
   153 ;;Call Graph Tables:
   154 ;;
   155 ;; ---------------------------------------------------------------------------------
   156 ;; (Depth) Function   	        Calls       Base Space   Used Autos Params    Refs
   157 ;; ---------------------------------------------------------------------------------
   158 ;; (0) _main                                                 0     0      0       0
   159 ;; ---------------------------------------------------------------------------------
   160 ;; Estimated maximum stack depth 0
   161 ;; ---------------------------------------------------------------------------------
   162                           
   163 ;; Call Graph Graphs:
   164                           
   165 ;; _main (ROOT)
   166 ;;
   167                           
   168 ;; Address spaces:
   169                           
   170 ;;Name               Size   Autos  Total    Cost      Usage
   171 ;;BITCOMMON            E      0       0       0        0.0%
   172 ;;EEDATA             100      0       0       0        0.0%
   173 ;;NULL                 0      0       0       0        0.0%
   174 ;;CODE                 0      0       0       0        0.0%
   175 ;;COMMON               E      0       2       1       14.3%
   176 ;;BITSFR0              0      0       0       1        0.0%
   177 ;;SFR0                 0      0       0       1        0.0%
   178 ;;BITSFR1              0      0       0       2        0.0%
   179 ;;SFR1                 0      0       0       2        0.0%
   180 ;;STACK                0      0       0       2        0.0%
   181 ;;ABS                  0      0       2       3        0.0%
   182 ;;BITBANK0            50      0       0       4        0.0%
   183 ;;BITSFR3              0      0       0       4        0.0%
   184 ;;SFR3                 0      0       0       4        0.0%
   185 ;;BANK0               50      0       0       5        0.0%
   186 ;;BITSFR2              0      0       0       5        0.0%
   187 ;;SFR2                 0      0       0       5        0.0%
   188 ;;BITBANK1            50      0       0       6        0.0%
   189 ;;BANK1               50      0       0       7        0.0%
   190 ;;BITBANK3            60      0       0       8        0.0%
   191 ;;BANK3               60      0       0       9        0.0%
   192 ;;BITBANK2            60      0       0      10        0.0%
   193 ;;BANK2               60      0       0      11        0.0%
   194 ;;DATA                 0      0       2      12        0.0%
   195                           
   196                           	global	_main
   197                           psect	maintext
   198                           
   199 ;; *************** function _main *****************
   200 ;; Defined at:
   201 ;;		line 9 in file "E:\02-CODING\05-LYCASOFT CODING\02-CODING\19-TIMER 2\CODE\TIMER 2.c"
   202 ;; Parameters:    Size  Location     Type
   203 ;;		None
   204 ;; Auto vars:     Size  Location     Type
   205 ;;		None
   206 ;; Return value:  Size  Location     Type
   207 ;;		None               void
   208 ;; Registers used:
   209 ;;		wreg, status,2
   210 ;; Tracked objects:
   211 ;;		On entry : 17F/0
   212 ;;		On exit  : 0/0
   213 ;;		Unchanged: 0/0
   214 ;; Data sizes:     COMMON   BANK0   BANK1   BANK3   BANK2
   215 ;;      Params:         0       0       0       0       0
   216 ;;      Locals:         0       0       0       0       0
   217 ;;      Temps:          0       0       0       0       0
   218 ;;      Totals:         0       0       0       0       0
   219 ;;Total ram usage:        0 bytes
   220 ;; This function calls:
   221 ;;		Nothing
   222 ;; This function is called by:
   223 ;;		Startup code after reset
   224 ;; This function uses a non-reentrant model
   225 ;;
   226                           psect	maintext
   227                           	file	"E:\02-CODING\05-LYCASOFT CODING\02-CODING\19-TIMER 2\CODE\TIMER 2.c"
   228                           	line	9
   229                           	global	__size_of_main
   230  0031                     	__size_of_main	equ	__end_of_main-_main
   231                           	
   232  07CF                     _main:	
   233                           	opt	stack 8
   234                           ; Regs used in _main: [wreg+status,2]
   235                           	line	10
   236                           	
   237  07CF                     l1741:	
   238                           ;TIMER 2.c: 10: TRISB=0X00;
   239  07CF  1683               	bsf	status, 5	;RP0=1, select bank1
   240  07D0  1303               	bcf	status, 6	;RP1=0, select bank1
   241  07D1  0186               	clrf	(134)^080h	;volatile
   242                           	line	11
   243                           ;TIMER 2.c: 11: PORTB=0X00;
   244  07D2  1283               	bcf	status, 5	;RP0=0, select bank0
   245  07D3  1303               	bcf	status, 6	;RP1=0, select bank0
   246  07D4  0186               	clrf	(6)	;volatile
   247                           	line	12
   248                           ;TIMER 2.c: 12: TMR2=0X00;
   249  07D5  0191               	clrf	(17)	;volatile
   250                           	line	13
   251                           	
   252  07D6                     l1743:	
   253                           ;TIMER 2.c: 13: PR2=255;
   254  07D6  30FF               	movlw	(0FFh)
   255  07D7  1683               	bsf	status, 5	;RP0=1, select bank1
   256  07D8  1303               	bcf	status, 6	;RP1=0, select bank1
   257  07D9  0092               	movwf	(146)^080h	;volatile
   258                           	line	14
   259                           	
   260  07DA                     l1745:	
   261                           ;TIMER 2.c: 14: T2CON=0X07;
   262  07DA  3007               	movlw	(07h)
   263  07DB  1283               	bcf	status, 5	;RP0=0, select bank0
   264  07DC  1303               	bcf	status, 6	;RP1=0, select bank0
   265  07DD  0092               	movwf	(18)	;volatile
   266                           	line	15
   267                           	
   268  07DE                     l1747:	
   269                           ;TIMER 2.c: 15: TMR2IF=0;
   270  07DE  108C               	bcf	(97/8),(97)&7
   271  07DF  2FE1               	goto	l688
   272                           	line	17
   273                           ;TIMER 2.c: 17: while(1)
   274                           	
   275  07E0                     l687:	
   276                           	line	19
   277                           ;TIMER 2.c: 18: {
   278                           ;TIMER 2.c: 19: while(TMR2IF==0);
   279  07E0  2FE1               	goto	l688
   280                           	
   281  07E1                     l689:	
   282                           	
   283  07E1                     l688:	
   284  07E1  1C8C               	btfss	(97/8),(97)&7
   285  07E2  2FE4               	goto	u11
   286  07E3  2FE5               	goto	u10
   287  07E4                     u11:
   288  07E4  2FE1               	goto	l688
   289  07E5                     u10:
   290                           	
   291  07E5                     l690:	
   292                           	line	20
   293                           ;TIMER 2.c: 20: TMR2IF=0;
   294  07E5  108C               	bcf	(97/8),(97)&7
   295                           	line	21
   296                           	
   297  07E6                     l1749:	
   298                           ;TIMER 2.c: 21: count++;
   299  07E6  3001               	movlw	low(01h)
   300  07E7  07F0               	addwf	(_count),f
   301  07E8  1803               	skipnc
   302  07E9  0AF1               	incf	(_count+1),f
   303  07EA  3000               	movlw	high(01h)
   304  07EB  07F1               	addwf	(_count+1),f
   305                           	line	22
   306                           ;TIMER 2.c: 22: if(count==612)
   307  07EC  3002               	movlw	high(0264h)
   308  07ED  0671               	xorwf	(_count+1),w
   309  07EE  1D03               	skipz
   310  07EF  2FF2               	goto	u25
   311  07F0  3064               	movlw	low(0264h)
   312  07F1  0670               	xorwf	(_count),w
   313  07F2                     u25:
   314                           
   315  07F2  1D03               	skipz
   316  07F3  2FF5               	goto	u21
   317  07F4  2FF6               	goto	u20
   318  07F5                     u21:
   319  07F5  2FE1               	goto	l688
   320  07F6                     u20:
   321                           	line	24
   322                           	
   323  07F6                     l1751:	
   324                           ;TIMER 2.c: 23: {
   325                           ;TIMER 2.c: 24: RB0=~RB0;
   326  07F6  3001               	movlw	1<<((48)&7)
   327  07F7  0686               	xorwf	((48)/8),f
   328                           	line	25
   329                           	
   330  07F8                     l1753:	
   331                           ;TIMER 2.c: 25: count=0;
   332  07F8  01F0               	clrf	(_count)
   333  07F9  01F1               	clrf	(_count+1)
   334  07FA  2FE1               	goto	l688
   335                           	line	26
   336                           	
   337  07FB                     l691:	
   338  07FB  2FE1               	goto	l688
   339                           	line	27
   340                           	
   341  07FC                     l692:	
   342                           	line	17
   343  07FC  2FE1               	goto	l688
   344                           	
   345  07FD                     l693:	
   346                           	line	28
   347                           	
   348  07FD                     l694:	
   349                           	global	start
   350  07FD  120A  118A  2800   	ljmp	start
   351                           	opt stack 0
   352                           GLOBAL	__end_of_main
   353  0800                     	__end_of_main:
   354 ;; =============== function _main ends ============
   355                           
   356                           	signat	_main,88
   357                           psect	maintext
   358                           	global	btemp
   359  007E                     	btemp set 07Eh
   360                           
   361                           	DABS	1,126,2	;btemp
   362                           	global	wtemp0
   363  007E                     	wtemp0 set btemp


HI-TECH Software PICC Macro Assembler V9.83 build 10920 
Symbol Table                                                                                   Wed Oct 24 10:29:44 2018

                  _RD 0C60                    u10 07E5                    u11 07E4                    u20 07F6  
                  u21 07F5                    u25 07F2                    _WR 0C61                   l690 07E5  
                 l691 07FB                   l692 07FC                   l693 07FD                   l694 07FD  
                 l687 07E0                   l688 07E1                   l689 07E1                   _GIE 005F  
                 _RB0 0030                   _PR2 0092                  l1741 07CF                  l1751 07F6  
                l1743 07D6                  l1753 07F8                  l1745 07DA                  l1747 07DE  
                l1749 07E6                  _TMR2 0011                  _WREN 0C62                  _main 07CF  
                btemp 007E                  start 0000                 ?_main 0000                 _EEADR 010D  
               _CARRY 0018                 _T2CON 0012                 _PORTB 0006                 _TRISB 0086  
               _count 0070                 status 0003                 wtemp0 007E          __end_of_main 0800  
              ??_main 0000                _EEDATA 010C                _EECON1 018C                _EECON2 018D  
              _TMR2IF 0061        __pcstackCOMMON 0000            __pmaintext 07CF  end_of_initialization 07CB  
 start_initialization 07C9           __pbssCOMMON 0070         __size_of_main 0031  
